<?xml version="1.0" encoding="UTF-8"?>
<!-- Generated by org.testng.reporters.JUnitReportReporter -->
<testsuite hostname="DESKTOP-3E9HTGA" failures="0" tests="1" name="Scripts.ValidateArrivedStatusEvent" time="38.813" errors="0" timestamp="2021-12-03T15:04:33 IST" skipped="0">
  <testcase classname="Scripts.ValidateArrivedStatusEvent" name="ValidateArrivedStatus" time="38.813"/>
  <system-out>
    <![CDATA[Added Pickup location
Added Drop Off location
03122021150417
Load Created Successfully]]>
  </system-out>
</testsuite> <!-- Scripts.ValidateArrivedStatusEvent -->
