<?xml version="1.0" encoding="UTF-8"?>
<!-- Generated by org.testng.reporters.JUnitReportReporter -->
<testsuite hostname="DESKTOP-3E9HTGA" failures="0" tests="1" name="Scripts.ValidateEstimatedTimeOfDeparture" time="37.208" errors="0" timestamp="2021-12-03T15:07:52 IST" skipped="0">
  <testcase classname="Scripts.ValidateEstimatedTimeOfDeparture" name="ValidateEstimatedDeparture" time="37.208"/>
  <system-out>
    <![CDATA[Added Pickup location
Added Drop Off location
03122021150736
Load Created Successfully]]>
  </system-out>
</testsuite> <!-- Scripts.ValidateEstimatedTimeOfDeparture -->
