<?xml version="1.0" encoding="UTF-8"?>
<!-- Generated by org.testng.reporters.JUnitReportReporter -->
<testsuite hostname="DESKTOP-3E9HTGA" failures="0" tests="1" name="Scripts.ValidateEstimatedTimeOfArrival" time="37.234" errors="0" timestamp="2021-12-03T15:05:48 IST" skipped="0">
  <testcase classname="Scripts.ValidateEstimatedTimeOfArrival" name="ValidateEstimatedArrival" time="37.234"/>
  <system-out>
    <![CDATA[Added Pickup location
Added Drop Off location
03122021150531
Load Created Successfully]]>
  </system-out>
</testsuite> <!-- Scripts.ValidateEstimatedTimeOfArrival -->
