<?xml version="1.0" encoding="UTF-8"?>
<!-- Generated by org.testng.reporters.JUnitReportReporter -->
<testsuite hostname="DESKTOP-3E9HTGA" failures="0" tests="1" name="Scripts.ValidateLoadingAndUnloading" time="41.633" errors="0" timestamp="2021-12-03T17:29:53 IST" skipped="0">
  <testcase classname="Scripts.ValidateLoadingAndUnloading" name="ValidateLoadingAndUnloadingEvent" time="41.633"/>
  <system-out>
    <![CDATA[Added Pickup location
Added Drop Off location
03122021172933
Load Created Successfully]]>
  </system-out>
</testsuite> <!-- Scripts.ValidateLoadingAndUnloading -->
