<?xml version="1.0" encoding="UTF-8"?>
<!-- Generated by org.testng.reporters.JUnitReportReporter -->
<testsuite hostname="DESKTOP-3E9HTGA" failures="0" tests="1" name="Scripts.ValidateStatusDeparture" time="37.853" errors="0" timestamp="2021-12-03T15:13:49 IST" skipped="0">
  <testcase classname="Scripts.ValidateStatusDeparture" name="ValidateDepartureStatus" time="37.853"/>
  <system-out>
    <![CDATA[Added Pickup location
Added Drop Off location
03122021151332
Load Created Successfully]]>
  </system-out>
</testsuite> <!-- Scripts.ValidateStatusDeparture -->
